This is pdfTeX, Version 3.14159265-2.6-1.40.19 (MiKTeX 2.9.6700) (preloaded format=pdflatex 2018.9.16)  13 JAN 2019 20:46
entering extended mode
**./report.tex
(report.tex
LaTeX2e <2018-04-01> patch level 5
("/Library/Application Support/MiKTeX/texmfs/install/tex/latex/base/article.cls
"
Document Class: article 2014/09/29 v1.4h Standard LaTeX document class
("/Library/Application Support/MiKTeX/texmfs/install/tex/latex/base/size12.clo"
File: size12.clo 2014/09/29 v1.4h Standard LaTeX file (size option)
)
\c@part=\count80
\c@section=\count81
\c@subsection=\count82
\c@subsubsection=\count83
\c@paragraph=\count84
\c@subparagraph=\count85
\c@figure=\count86
\c@table=\count87
\abovecaptionskip=\skip41
\belowcaptionskip=\skip42
\bibindent=\dimen102
) (includes.tex
("/Library/Application Support/MiKTeX/texmfs/install/tex/generic/ifxetex/ifxete
x.sty"
Package: ifxetex 2010/09/12 v0.6 Provides ifxetex conditional
)
("/Users/gimaikteh/Library/Application Support/MiKTeX/texmfs/install/tex/latex/
textpos/textpos.sty"
Package: textpos 2016/06/07 v1.8

Package: textpos 2016/06/07 1.8, absolute positioning of text on the page

("/Library/Application Support/MiKTeX/texmfs/install/tex/latex/graphics/keyval.
sty"
Package: keyval 2014/10/28 v1.15 key=value parser (DPC)
\KV@toks@=\toks14
)
\TP@textbox=\box26
\TPHorizModule=\dimen103
\TPVertModule=\dimen104
\TP@margin=\dimen105
\TP@absmargin=\dimen106

Grid set 16 x 16 = 38.39343pt x 49.68562pt
\TPboxrulesize=\dimen107
\TP@tbargs=\toks15
\TP@prevdepth=\dimen108
)
("/Users/gimaikteh/Library/Application Support/MiKTeX/texmfs/install/tex/latex/
kpfonts/kpfonts.sty"
Package: kpfonts  2010/08/20 v3.31

("/Library/Application Support/MiKTeX/texmfs/install/tex/latex/base/textcomp.st
y"
Package: textcomp 2017/04/05 v2.0i Standard LaTeX package
Package textcomp Info: Sub-encoding information:
(textcomp)               5 = only ISO-Adobe without \textcurrency
(textcomp)               4 = 5 + \texteuro
(textcomp)               3 = 4 + \textohm
(textcomp)               2 = 3 + \textestimated + \textcurrency
(textcomp)               1 = TS1 - \textcircled - \t
(textcomp)               0 = TS1 (full)
(textcomp)             Font families with sub-encoding setting implement
(textcomp)             only a restricted character set as indicated.
(textcomp)             Family '?' is the default used for unknown fonts.
(textcomp)             See the documentation for details.
Package textcomp Info: Setting ? sub-encoding to TS1/1 on input line 79.
Package textcomp Info: Changing ? sub-encoding to TS1/0 on input line 80.

("/Library/Application Support/MiKTeX/texmfs/install/tex/latex/base/ts1enc.def"
File: ts1enc.def 2001/06/05 v3.0e (jk/car/fm) Standard LaTeX file
Now handling font encoding TS1 ...
... processing UTF-8 mapping file for font encoding TS1
("/Library/Application Support/MiKTeX/texmfs/install/tex/latex/base/ts1enc.dfu"
File: ts1enc.dfu 2018/04/05 v1.2c UTF-8 support for inputenc
   defining Unicode char U+00A2 (decimal 162)
   defining Unicode char U+00A3 (decimal 163)
   defining Unicode char U+00A4 (decimal 164)
   defining Unicode char U+00A5 (decimal 165)
   defining Unicode char U+00A6 (decimal 166)
   defining Unicode char U+00A7 (decimal 167)
   defining Unicode char U+00A8 (decimal 168)
   defining Unicode char U+00A9 (decimal 169)
   defining Unicode char U+00AA (decimal 170)
   defining Unicode char U+00AC (decimal 172)
   defining Unicode char U+00AE (decimal 174)
   defining Unicode char U+00AF (decimal 175)
   defining Unicode char U+00B0 (decimal 176)
   defining Unicode char U+00B1 (decimal 177)
   defining Unicode char U+00B2 (decimal 178)
   defining Unicode char U+00B3 (decimal 179)
   defining Unicode char U+00B4 (decimal 180)
   defining Unicode char U+00B5 (decimal 181)
   defining Unicode char U+00B6 (decimal 182)
   defining Unicode char U+00B7 (decimal 183)
   defining Unicode char U+00B9 (decimal 185)
   defining Unicode char U+00BA (decimal 186)
   defining Unicode char U+00BC (decimal 188)
   defining Unicode char U+00BD (decimal 189)
   defining Unicode char U+00BE (decimal 190)
   defining Unicode char U+00D7 (decimal 215)
   defining Unicode char U+00F7 (decimal 247)
   defining Unicode char U+0192 (decimal 402)
   defining Unicode char U+02C7 (decimal 711)
   defining Unicode char U+02D8 (decimal 728)
   defining Unicode char U+02DD (decimal 733)
   defining Unicode char U+0E3F (decimal 3647)
   defining Unicode char U+2016 (decimal 8214)
   defining Unicode char U+2020 (decimal 8224)
   defining Unicode char U+2021 (decimal 8225)
   defining Unicode char U+2022 (decimal 8226)
   defining Unicode char U+2030 (decimal 8240)
   defining Unicode char U+2031 (decimal 8241)
   defining Unicode char U+203B (decimal 8251)
   defining Unicode char U+203D (decimal 8253)
   defining Unicode char U+2044 (decimal 8260)
   defining Unicode char U+204E (decimal 8270)
   defining Unicode char U+2052 (decimal 8274)
   defining Unicode char U+20A1 (decimal 8353)
   defining Unicode char U+20A4 (decimal 8356)
   defining Unicode char U+20A6 (decimal 8358)
   defining Unicode char U+20A9 (decimal 8361)
   defining Unicode char U+20AB (decimal 8363)
   defining Unicode char U+20AC (decimal 8364)
   defining Unicode char U+20B1 (decimal 8369)
   defining Unicode char U+2103 (decimal 8451)
   defining Unicode char U+2116 (decimal 8470)
   defining Unicode char U+2117 (decimal 8471)
   defining Unicode char U+211E (decimal 8478)
   defining Unicode char U+2120 (decimal 8480)
   defining Unicode char U+2122 (decimal 8482)
   defining Unicode char U+2126 (decimal 8486)
   defining Unicode char U+2127 (decimal 8487)
   defining Unicode char U+212E (decimal 8494)
   defining Unicode char U+2190 (decimal 8592)
   defining Unicode char U+2191 (decimal 8593)
   defining Unicode char U+2192 (decimal 8594)
   defining Unicode char U+2193 (decimal 8595)
   defining Unicode char U+2329 (decimal 9001)
   defining Unicode char U+232A (decimal 9002)
   defining Unicode char U+2422 (decimal 9250)
   defining Unicode char U+25E6 (decimal 9702)
   defining Unicode char U+25EF (decimal 9711)
   defining Unicode char U+266A (decimal 9834)
   defining Unicode char U+FEFF (decimal 65279)
))
LaTeX Info: Redefining \oldstylenums on input line 334.
Package textcomp Info: Setting cmr sub-encoding to TS1/0 on input line 349.
Package textcomp Info: Setting cmss sub-encoding to TS1/0 on input line 350.
Package textcomp Info: Setting cmtt sub-encoding to TS1/0 on input line 351.
Package textcomp Info: Setting cmvtt sub-encoding to TS1/0 on input line 352.
Package textcomp Info: Setting cmbr sub-encoding to TS1/0 on input line 353.
Package textcomp Info: Setting cmtl sub-encoding to TS1/0 on input line 354.
Package textcomp Info: Setting ccr sub-encoding to TS1/0 on input line 355.
Package textcomp Info: Setting ptm sub-encoding to TS1/4 on input line 356.
Package textcomp Info: Setting pcr sub-encoding to TS1/4 on input line 357.
Package textcomp Info: Setting phv sub-encoding to TS1/4 on input line 358.
Package textcomp Info: Setting ppl sub-encoding to TS1/3 on input line 359.
Package textcomp Info: Setting pag sub-encoding to TS1/4 on input line 360.
Package textcomp Info: Setting pbk sub-encoding to TS1/4 on input line 361.
Package textcomp Info: Setting pnc sub-encoding to TS1/4 on input line 362.
Package textcomp Info: Setting pzc sub-encoding to TS1/4 on input line 363.
Package textcomp Info: Setting bch sub-encoding to TS1/4 on input line 364.
Package textcomp Info: Setting put sub-encoding to TS1/5 on input line 365.
Package textcomp Info: Setting uag sub-encoding to TS1/5 on input line 366.
Package textcomp Info: Setting ugq sub-encoding to TS1/5 on input line 367.
Package textcomp Info: Setting ul8 sub-encoding to TS1/4 on input line 368.
Package textcomp Info: Setting ul9 sub-encoding to TS1/4 on input line 369.
Package textcomp Info: Setting augie sub-encoding to TS1/5 on input line 370.
Package textcomp Info: Setting dayrom sub-encoding to TS1/3 on input line 371.
Package textcomp Info: Setting dayroms sub-encoding to TS1/3 on input line 372.

Package textcomp Info: Setting pxr sub-encoding to TS1/0 on input line 373.
Package textcomp Info: Setting pxss sub-encoding to TS1/0 on input line 374.
Package textcomp Info: Setting pxtt sub-encoding to TS1/0 on input line 375.
Package textcomp Info: Setting txr sub-encoding to TS1/0 on input line 376.
Package textcomp Info: Setting txss sub-encoding to TS1/0 on input line 377.
Package textcomp Info: Setting txtt sub-encoding to TS1/0 on input line 378.
Package textcomp Info: Setting lmr sub-encoding to TS1/0 on input line 379.
Package textcomp Info: Setting lmdh sub-encoding to TS1/0 on input line 380.
Package textcomp Info: Setting lmss sub-encoding to TS1/0 on input line 381.
Package textcomp Info: Setting lmssq sub-encoding to TS1/0 on input line 382.
Package textcomp Info: Setting lmvtt sub-encoding to TS1/0 on input line 383.
Package textcomp Info: Setting lmtt sub-encoding to TS1/0 on input line 384.
Package textcomp Info: Setting qhv sub-encoding to TS1/0 on input line 385.
Package textcomp Info: Setting qag sub-encoding to TS1/0 on input line 386.
Package textcomp Info: Setting qbk sub-encoding to TS1/0 on input line 387.
Package textcomp Info: Setting qcr sub-encoding to TS1/0 on input line 388.
Package textcomp Info: Setting qcs sub-encoding to TS1/0 on input line 389.
Package textcomp Info: Setting qpl sub-encoding to TS1/0 on input line 390.
Package textcomp Info: Setting qtm sub-encoding to TS1/0 on input line 391.
Package textcomp Info: Setting qzc sub-encoding to TS1/0 on input line 392.
Package textcomp Info: Setting qhvc sub-encoding to TS1/0 on input line 393.
Package textcomp Info: Setting futs sub-encoding to TS1/4 on input line 394.
Package textcomp Info: Setting futx sub-encoding to TS1/4 on input line 395.
Package textcomp Info: Setting futj sub-encoding to TS1/4 on input line 396.
Package textcomp Info: Setting hlh sub-encoding to TS1/3 on input line 397.
Package textcomp Info: Setting hls sub-encoding to TS1/3 on input line 398.
Package textcomp Info: Setting hlst sub-encoding to TS1/3 on input line 399.
Package textcomp Info: Setting hlct sub-encoding to TS1/5 on input line 400.
Package textcomp Info: Setting hlx sub-encoding to TS1/5 on input line 401.
Package textcomp Info: Setting hlce sub-encoding to TS1/5 on input line 402.
Package textcomp Info: Setting hlcn sub-encoding to TS1/5 on input line 403.
Package textcomp Info: Setting hlcw sub-encoding to TS1/5 on input line 404.
Package textcomp Info: Setting hlcf sub-encoding to TS1/5 on input line 405.
Package textcomp Info: Setting pplx sub-encoding to TS1/3 on input line 406.
Package textcomp Info: Setting pplj sub-encoding to TS1/3 on input line 407.
Package textcomp Info: Setting ptmx sub-encoding to TS1/4 on input line 408.
Package textcomp Info: Setting ptmj sub-encoding to TS1/4 on input line 409.
)
("/Library/Application Support/MiKTeX/texmfs/install/tex/latex/amsmath/amsmath.
sty"
Package: amsmath 2017/09/02 v2.17a AMS math features
\@mathmargin=\skip43

For additional information on amsmath, use the `?' option.

("/Library/Application Support/MiKTeX/texmfs/install/tex/latex/amsmath/amstext.
sty"
Package: amstext 2000/06/29 v2.01 AMS text

("/Library/Application Support/MiKTeX/texmfs/install/tex/latex/amsmath/amsgen.s
ty"
File: amsgen.sty 1999/11/30 v2.0 generic functions
\@emptytoks=\toks16
\ex@=\dimen109
))
("/Library/Application Support/MiKTeX/texmfs/install/tex/latex/amsmath/amsbsy.s
ty"
Package: amsbsy 1999/11/29 v1.2d Bold Symbols
\pmbraise@=\dimen110
)
("/Library/Application Support/MiKTeX/texmfs/install/tex/latex/amsmath/amsopn.s
ty"
Package: amsopn 2016/03/08 v2.02 operator names
)
\inf@bad=\count88
LaTeX Info: Redefining \frac on input line 213.
\uproot@=\count89
\leftroot@=\count90
LaTeX Info: Redefining \overline on input line 375.
\classnum@=\count91
\DOTSCASE@=\count92
LaTeX Info: Redefining \ldots on input line 472.
LaTeX Info: Redefining \dots on input line 475.
LaTeX Info: Redefining \cdots on input line 596.
\Mathstrutbox@=\box27
\strutbox@=\box28
\big@size=\dimen111
LaTeX Font Info:    Redeclaring font encoding OML on input line 712.
LaTeX Font Info:    Redeclaring font encoding OMS on input line 713.
\macc@depth=\count93
\c@MaxMatrixCols=\count94
\dotsspace@=\muskip10
\c@parentequation=\count95
\dspbrk@lvl=\count96
\tag@help=\toks17
\row@=\count97
\column@=\count98
\maxfields@=\count99
\andhelp@=\toks18
\eqnshift@=\dimen112
\alignsep@=\dimen113
\tagshift@=\dimen114
\tagwidth@=\dimen115
\totwidth@=\dimen116
\lineht@=\dimen117
\@envbody=\toks19
\multlinegap=\skip44
\multlinetaggap=\skip45
\mathdisplay@stack=\toks20
LaTeX Info: Redefining \[ on input line 2817.
LaTeX Info: Redefining \] on input line 2818.
)
\c@mv@rm=\count100
\c@mv@boldrm=\count101
\c@mv@sf=\count102
\c@mv@boldsf=\count103
LaTeX Font Info:    Redeclaring symbol font `operators' on input line 354.
LaTeX Font Info:    Overwriting symbol font `operators' in version `normal'
(Font)                  OT1/cmr/m/n --> OT1/jkp/m/n on input line 354.
LaTeX Font Info:    Overwriting symbol font `operators' in version `bold'
(Font)                  OT1/cmr/bx/n --> OT1/jkp/m/n on input line 354.
LaTeX Font Info:    Overwriting symbol font `operators' in version `rm'
(Font)                  OT1/cmr/m/n --> OT1/jkp/m/n on input line 354.
LaTeX Font Info:    Overwriting symbol font `operators' in version `boldrm'
(Font)                  OT1/cmr/m/n --> OT1/jkp/m/n on input line 354.
LaTeX Font Info:    Overwriting symbol font `operators' in version `sf'
(Font)                  OT1/cmr/m/n --> OT1/jkp/m/n on input line 354.
LaTeX Font Info:    Overwriting symbol font `operators' in version `boldsf'
(Font)                  OT1/cmr/m/n --> OT1/jkp/m/n on input line 354.
LaTeX Font Info:    Overwriting symbol font `operators' in version `bold'
(Font)                  OT1/jkp/m/n --> OT1/jkp/b/n on input line 355.
LaTeX Font Info:    Overwriting symbol font `operators' in version `rm'
(Font)                  OT1/jkp/m/n --> OT1/jkp/m/n on input line 357.
LaTeX Font Info:    Overwriting symbol font `operators' in version `boldrm'
(Font)                  OT1/jkp/m/n --> OT1/jkp/b/n on input line 358.
LaTeX Font Info:    Overwriting symbol font `operators' in version `sf'
(Font)                  OT1/jkp/m/n --> OT1/jkpss/m/n on input line 359.
LaTeX Font Info:    Overwriting symbol font `operators' in version `boldsf'
(Font)                  OT1/jkp/m/n --> OT1/jkpss/b/n on input line 360.
LaTeX Font Info:    Redeclaring math alphabet \mathrm on input line 364.
LaTeX Font Info:    Overwriting math alphabet `\mathrm' in version `bold'
(Font)                  OT1/jkp/m/n --> OT1/jkp/b/n on input line 365.
LaTeX Font Info:    Overwriting math alphabet `\mathrm' in version `rm'
(Font)                  OT1/jkp/m/n --> OT1/jkp/m/n on input line 366.
LaTeX Font Info:    Overwriting math alphabet `\mathrm' in version `boldrm'
(Font)                  OT1/jkp/m/n --> OT1/jkp/b/n on input line 367.
LaTeX Font Info:    Overwriting math alphabet `\mathrm' in version `sf'
(Font)                  OT1/jkp/m/n --> OT1/jkp/m/n on input line 368.
LaTeX Font Info:    Overwriting math alphabet `\mathrm' in version `boldsf'
(Font)                  OT1/jkp/m/n --> OT1/jkp/b/n on input line 369.
LaTeX Font Info:    Redeclaring math alphabet \mathbf on input line 378.
LaTeX Font Info:    Overwriting math alphabet `\mathbf' in version `normal'
(Font)                  OT1/cmr/bx/n --> OT1/jkp/b/n on input line 378.
LaTeX Font Info:    Overwriting math alphabet `\mathbf' in version `bold'
(Font)                  OT1/cmr/bx/n --> OT1/jkp/b/n on input line 378.
LaTeX Font Info:    Overwriting math alphabet `\mathbf' in version `rm'
(Font)                  OT1/cmr/bx/n --> OT1/jkp/b/n on input line 378.
LaTeX Font Info:    Overwriting math alphabet `\mathbf' in version `boldrm'
(Font)                  OT1/cmr/bx/n --> OT1/jkp/b/n on input line 378.
LaTeX Font Info:    Overwriting math alphabet `\mathbf' in version `sf'
(Font)                  OT1/cmr/bx/n --> OT1/jkp/b/n on input line 378.
LaTeX Font Info:    Overwriting math alphabet `\mathbf' in version `boldsf'
(Font)                  OT1/cmr/bx/n --> OT1/jkp/b/n on input line 378.
LaTeX Font Info:    Overwriting math alphabet `\mathbf' in version `bold'
(Font)                  OT1/jkp/b/n --> OT1/jkp/b/n on input line 379.
LaTeX Font Info:    Overwriting math alphabet `\mathbf' in version `rm'
(Font)                  OT1/jkp/b/n --> OT1/jkp/b/n on input line 381.
LaTeX Font Info:    Overwriting math alphabet `\mathbf' in version `boldrm'
(Font)                  OT1/jkp/b/n --> OT1/jkp/b/n on input line 382.
LaTeX Font Info:    Overwriting math alphabet `\mathbf' in version `sf'
(Font)                  OT1/jkp/b/n --> OT1/jkpss/b/n on input line 383.
LaTeX Font Info:    Overwriting math alphabet `\mathbf' in version `boldsf'
(Font)                  OT1/jkp/b/n --> OT1/jkpss/b/n on input line 384.
LaTeX Font Info:    Redeclaring math alphabet \mathit on input line 390.
LaTeX Font Info:    Overwriting math alphabet `\mathit' in version `normal'
(Font)                  OT1/cmr/m/it --> OT1/jkp/m/it on input line 390.
LaTeX Font Info:    Overwriting math alphabet `\mathit' in version `bold'
(Font)                  OT1/cmr/bx/it --> OT1/jkp/m/it on input line 390.
LaTeX Font Info:    Overwriting math alphabet `\mathit' in version `rm'
(Font)                  OT1/cmr/m/it --> OT1/jkp/m/it on input line 390.
LaTeX Font Info:    Overwriting math alphabet `\mathit' in version `boldrm'
(Font)                  OT1/cmr/m/it --> OT1/jkp/m/it on input line 390.
LaTeX Font Info:    Overwriting math alphabet `\mathit' in version `sf'
(Font)                  OT1/cmr/m/it --> OT1/jkp/m/it on input line 390.
LaTeX Font Info:    Overwriting math alphabet `\mathit' in version `boldsf'
(Font)                  OT1/cmr/m/it --> OT1/jkp/m/it on input line 390.
LaTeX Font Info:    Overwriting math alphabet `\mathit' in version `bold'
(Font)                  OT1/jkp/m/it --> OT1/jkp/b/it on input line 391.
LaTeX Font Info:    Overwriting math alphabet `\mathit' in version `rm'
(Font)                  OT1/jkp/m/it --> OT1/jkp/m/it on input line 393.
LaTeX Font Info:    Overwriting math alphabet `\mathit' in version `boldrm'
(Font)                  OT1/jkp/m/it --> OT1/jkp/b/it on input line 394.
LaTeX Font Info:    Overwriting math alphabet `\mathit' in version `sf'
(Font)                  OT1/jkp/m/it --> OT1/jkpss/m/it on input line 395.
LaTeX Font Info:    Overwriting math alphabet `\mathit' in version `boldsf'
(Font)                  OT1/jkp/m/it --> OT1/jkpss/b/it on input line 396.
LaTeX Font Info:    Redeclaring math alphabet \mathsf on input line 401.
LaTeX Font Info:    Overwriting math alphabet `\mathsf' in version `normal'
(Font)                  OT1/cmss/m/n --> OT1/jkpss/m/n on input line 401.
LaTeX Font Info:    Overwriting math alphabet `\mathsf' in version `bold'
(Font)                  OT1/cmss/bx/n --> OT1/jkpss/m/n on input line 401.
LaTeX Font Info:    Overwriting math alphabet `\mathsf' in version `rm'
(Font)                  OT1/cmss/m/n --> OT1/jkpss/m/n on input line 401.
LaTeX Font Info:    Overwriting math alphabet `\mathsf' in version `boldrm'
(Font)                  OT1/cmss/m/n --> OT1/jkpss/m/n on input line 401.
LaTeX Font Info:    Overwriting math alphabet `\mathsf' in version `sf'
(Font)                  OT1/cmss/m/n --> OT1/jkpss/m/n on input line 401.
LaTeX Font Info:    Overwriting math alphabet `\mathsf' in version `boldsf'
(Font)                  OT1/cmss/m/n --> OT1/jkpss/m/n on input line 401.
LaTeX Font Info:    Overwriting math alphabet `\mathsf' in version `bold'
(Font)                  OT1/jkpss/m/n --> OT1/jkpss/b/n on input line 402.
LaTeX Font Info:    Overwriting math alphabet `\mathsf' in version `rm'
(Font)                  OT1/jkpss/m/n --> OT1/jkpss/m/n on input line 403.
LaTeX Font Info:    Overwriting math alphabet `\mathsf' in version `boldrm'
(Font)                  OT1/jkpss/m/n --> OT1/jkpss/b/n on input line 404.
LaTeX Font Info:    Overwriting math alphabet `\mathsf' in version `sf'
(Font)                  OT1/jkpss/m/n --> OT1/jkpss/m/n on input line 405.
LaTeX Font Info:    Overwriting math alphabet `\mathsf' in version `boldsf'
(Font)                  OT1/jkpss/m/n --> OT1/jkpss/b/n on input line 406.
LaTeX Font Info:    Redeclaring math alphabet \mathtt on input line 410.
LaTeX Font Info:    Overwriting math alphabet `\mathtt' in version `normal'
(Font)                  OT1/cmtt/m/n --> OT1/jkptt/m/n on input line 410.
LaTeX Font Info:    Overwriting math alphabet `\mathtt' in version `bold'
(Font)                  OT1/cmtt/m/n --> OT1/jkptt/m/n on input line 410.
LaTeX Font Info:    Overwriting math alphabet `\mathtt' in version `rm'
(Font)                  OT1/cmtt/m/n --> OT1/jkptt/m/n on input line 410.
LaTeX Font Info:    Overwriting math alphabet `\mathtt' in version `boldrm'
(Font)                  OT1/cmtt/m/n --> OT1/jkptt/m/n on input line 410.
LaTeX Font Info:    Overwriting math alphabet `\mathtt' in version `sf'
(Font)                  OT1/cmtt/m/n --> OT1/jkptt/m/n on input line 410.
LaTeX Font Info:    Overwriting math alphabet `\mathtt' in version `boldsf'
(Font)                  OT1/cmtt/m/n --> OT1/jkptt/m/n on input line 410.
LaTeX Font Info:    Overwriting math alphabet `\mathtt' in version `bold'
(Font)                  OT1/jkptt/m/n --> OT1/jkptt/b/n on input line 411.
LaTeX Font Info:    Overwriting math alphabet `\mathtt' in version `rm'
(Font)                  OT1/jkptt/m/n --> OT1/jkptt/m/n on input line 412.
LaTeX Font Info:    Overwriting math alphabet `\mathtt' in version `boldrm'
(Font)                  OT1/jkptt/m/n --> OT1/jkptt/b/n on input line 413.
LaTeX Font Info:    Overwriting math alphabet `\mathtt' in version `sf'
(Font)                  OT1/jkptt/m/n --> OT1/jkptt/m/n on input line 414.
LaTeX Font Info:    Overwriting math alphabet `\mathtt' in version `boldsf'
(Font)                  OT1/jkptt/m/n --> OT1/jkptt/b/n on input line 415.
LaTeX Font Info:    Redeclaring symbol font `letters' on input line 423.
LaTeX Font Info:    Overwriting symbol font `letters' in version `normal'
(Font)                  OML/cmm/m/it --> OML/jkp/m/it on input line 423.
LaTeX Font Info:    Overwriting symbol font `letters' in version `bold'
(Font)                  OML/cmm/b/it --> OML/jkp/m/it on input line 423.
LaTeX Font Info:    Overwriting symbol font `letters' in version `rm'
(Font)                  OML/cmm/m/it --> OML/jkp/m/it on input line 423.
LaTeX Font Info:    Overwriting symbol font `letters' in version `boldrm'
(Font)                  OML/cmm/m/it --> OML/jkp/m/it on input line 423.
LaTeX Font Info:    Overwriting symbol font `letters' in version `sf'
(Font)                  OML/cmm/m/it --> OML/jkp/m/it on input line 423.
LaTeX Font Info:    Overwriting symbol font `letters' in version `boldsf'
(Font)                  OML/cmm/m/it --> OML/jkp/m/it on input line 423.
LaTeX Font Info:    Overwriting symbol font `letters' in version `bold'
(Font)                  OML/jkp/m/it --> OML/jkp/bx/it on input line 424.
LaTeX Font Info:    Overwriting symbol font `letters' in version `rm'
(Font)                  OML/jkp/m/it --> OML/jkp/m/it on input line 426.
LaTeX Font Info:    Overwriting symbol font `letters' in version `boldrm'
(Font)                  OML/jkp/m/it --> OML/jkp/bx/it on input line 427.
LaTeX Font Info:    Overwriting symbol font `letters' in version `sf'
(Font)                  OML/jkp/m/it --> OML/jkpss/m/it on input line 428.
LaTeX Font Info:    Overwriting symbol font `letters' in version `boldsf'
(Font)                  OML/jkp/m/it --> OML/jkpss/bx/it on input line 429.
\symlettersA=\mathgroup4
LaTeX Font Info:    Overwriting symbol font `lettersA' in version `bold'
(Font)                  U/jkpmia/m/it --> U/jkpmia/bx/it on input line 439.
LaTeX Font Info:    Overwriting symbol font `lettersA' in version `rm'
(Font)                  U/jkpmia/m/it --> U/jkpmia/m/it on input line 441.
LaTeX Font Info:    Overwriting symbol font `lettersA' in version `boldrm'
(Font)                  U/jkpmia/m/it --> U/jkpmia/bx/it on input line 442.
LaTeX Font Info:    Overwriting symbol font `lettersA' in version `sf'
(Font)                  U/jkpmia/m/it --> U/jkpssmia/m/it on input line 443.
LaTeX Font Info:    Overwriting symbol font `lettersA' in version `boldsf'
(Font)                  U/jkpmia/m/it --> U/jkpssmia/bx/it on input line 444.
LaTeX Font Info:    Redeclaring symbol font `symbols' on input line 456.
LaTeX Font Info:    Overwriting symbol font `symbols' in version `normal'
(Font)                  OMS/cmsy/m/n --> OMS/jkp/m/n on input line 456.
LaTeX Font Info:    Overwriting symbol font `symbols' in version `bold'
(Font)                  OMS/cmsy/b/n --> OMS/jkp/m/n on input line 456.
LaTeX Font Info:    Overwriting symbol font `symbols' in version `rm'
(Font)                  OMS/cmsy/m/n --> OMS/jkp/m/n on input line 456.
LaTeX Font Info:    Overwriting symbol font `symbols' in version `boldrm'
(Font)                  OMS/cmsy/m/n --> OMS/jkp/m/n on input line 456.
LaTeX Font Info:    Overwriting symbol font `symbols' in version `sf'
(Font)                  OMS/cmsy/m/n --> OMS/jkp/m/n on input line 456.
LaTeX Font Info:    Overwriting symbol font `symbols' in version `boldsf'
(Font)                  OMS/cmsy/m/n --> OMS/jkp/m/n on input line 456.
LaTeX Font Info:    Overwriting symbol font `symbols' in version `bold'
(Font)                  OMS/jkp/m/n --> OMS/jkp/bx/n on input line 457.
LaTeX Font Info:    Overwriting symbol font `symbols' in version `rm'
(Font)                  OMS/jkp/m/n --> OMS/jkp/m/n on input line 459.
LaTeX Font Info:    Overwriting symbol font `symbols' in version `boldrm'
(Font)                  OMS/jkp/m/n --> OMS/jkp/bx/n on input line 460.
LaTeX Font Info:    Overwriting symbol font `symbols' in version `sf'
(Font)                  OMS/jkp/m/n --> OMS/jkp/m/n on input line 461.
LaTeX Font Info:    Overwriting symbol font `symbols' in version `boldsf'
(Font)                  OMS/jkp/m/n --> OMS/jkp/bx/n on input line 462.
\symAMSa=\mathgroup5
LaTeX Font Info:    Overwriting symbol font `AMSa' in version `bold'
(Font)                  U/jkpsya/m/n --> U/jkpsya/bx/n on input line 476.
LaTeX Font Info:    Overwriting symbol font `AMSa' in version `rm'
(Font)                  U/jkpsya/m/n --> U/jkpsya/m/n on input line 477.
LaTeX Font Info:    Overwriting symbol font `AMSa' in version `boldrm'
(Font)                  U/jkpsya/m/n --> U/jkpsya/bx/n on input line 478.
LaTeX Font Info:    Overwriting symbol font `AMSa' in version `sf'
(Font)                  U/jkpsya/m/n --> U/jkpsya/m/n on input line 479.
LaTeX Font Info:    Overwriting symbol font `AMSa' in version `boldsf'
(Font)                  U/jkpsya/m/n --> U/jkpsya/bx/n on input line 480.
\symAMSb=\mathgroup6
LaTeX Font Info:    Overwriting symbol font `AMSb' in version `bold'
(Font)                  U/jkpsyb/m/n --> U/jkpsyb/bx/n on input line 529.
LaTeX Font Info:    Overwriting symbol font `AMSb' in version `rm'
(Font)                  U/jkpsyb/m/n --> U/jkpsyb/m/n on input line 530.
LaTeX Font Info:    Overwriting symbol font `AMSb' in version `boldrm'
(Font)                  U/jkpsyb/m/n --> U/jkpsyb/bx/n on input line 531.
LaTeX Font Info:    Overwriting symbol font `AMSb' in version `sf'
(Font)                  U/jkpsyb/m/n --> U/jkpsssyb/m/n on input line 532.
LaTeX Font Info:    Overwriting symbol font `AMSb' in version `boldsf'
(Font)                  U/jkpsyb/m/n --> U/jkpsssyb/bx/n on input line 533.
\symsymbolsC=\mathgroup7
LaTeX Font Info:    Overwriting symbol font `symbolsC' in version `bold'
(Font)                  U/jkpsyc/m/n --> U/jkpsyc/bx/n on input line 549.
LaTeX Font Info:    Overwriting symbol font `symbolsC' in version `rm'
(Font)                  U/jkpsyc/m/n --> U/jkpsyc/m/n on input line 551.
LaTeX Font Info:    Overwriting symbol font `symbolsC' in version `boldrm'
(Font)                  U/jkpsyc/m/n --> U/jkpsyc/bx/n on input line 552.
LaTeX Font Info:    Overwriting symbol font `symbolsC' in version `sf'
(Font)                  U/jkpsyc/m/n --> U/jkpsyc/m/n on input line 553.
LaTeX Font Info:    Overwriting symbol font `symbolsC' in version `boldsf'
(Font)                  U/jkpsyc/m/n --> U/jkpsyc/bx/n on input line 554.
LaTeX Font Info:    Overwriting math alphabet `\mathscr' in version `bold'
(Font)                  U/jkpsyd/m/n --> U/jkpsyd/bx/n on input line 583.
LaTeX Font Info:    Overwriting math alphabet `\mathscr' in version `rm'
(Font)                  U/jkpsyd/m/n --> U/jkpsyd/m/n on input line 585.
LaTeX Font Info:    Overwriting math alphabet `\mathscr' in version `boldrm'
(Font)                  U/jkpsyd/m/n --> U/jkpsyd/bx/n on input line 586.
LaTeX Font Info:    Overwriting math alphabet `\mathscr' in version `sf'
(Font)                  U/jkpsyd/m/n --> U/jkpsyd/m/n on input line 587.
LaTeX Font Info:    Overwriting math alphabet `\mathscr' in version `boldsf'
(Font)                  U/jkpsyd/m/n --> U/jkpsyd/bx/n on input line 588.
LaTeX Font Info:    Redeclaring symbol font `largesymbols' on input line 598.
LaTeX Font Info:    Overwriting symbol font `largesymbols' in version `normal'
(Font)                  OMX/cmex/m/n --> OMX/jkp/m/n on input line 598.
LaTeX Font Info:    Overwriting symbol font `largesymbols' in version `bold'
(Font)                  OMX/cmex/m/n --> OMX/jkp/m/n on input line 598.
LaTeX Font Info:    Overwriting symbol font `largesymbols' in version `rm'
(Font)                  OMX/cmex/m/n --> OMX/jkp/m/n on input line 598.
LaTeX Font Info:    Overwriting symbol font `largesymbols' in version `boldrm'
(Font)                  OMX/cmex/m/n --> OMX/jkp/m/n on input line 598.
LaTeX Font Info:    Overwriting symbol font `largesymbols' in version `sf'
(Font)                  OMX/cmex/m/n --> OMX/jkp/m/n on input line 598.
LaTeX Font Info:    Overwriting symbol font `largesymbols' in version `boldsf'
(Font)                  OMX/cmex/m/n --> OMX/jkp/m/n on input line 598.
LaTeX Font Info:    Overwriting symbol font `largesymbols' in version `bold'
(Font)                  OMX/jkp/m/n --> OMX/jkp/bx/n on input line 599.
LaTeX Font Info:    Overwriting symbol font `largesymbols' in version `rm'
(Font)                  OMX/jkp/m/n --> OMX/jkp/m/n on input line 601.
LaTeX Font Info:    Overwriting symbol font `largesymbols' in version `boldrm'
(Font)                  OMX/jkp/m/n --> OMX/jkp/bx/n on input line 602.
LaTeX Font Info:    Overwriting symbol font `largesymbols' in version `sf'
(Font)                  OMX/jkp/m/n --> OMX/jkpss/m/n on input line 603.
LaTeX Font Info:    Overwriting symbol font `largesymbols' in version `boldsf'
(Font)                  OMX/jkp/m/n --> OMX/jkpss/bx/n on input line 604.
\symlargesymbolsA=\mathgroup8
LaTeX Font Info:    Overwriting symbol font `largesymbolsA' in version `bold'
(Font)                  U/jkpexa/m/n --> U/jkpexa/bx/n on input line 615.
LaTeX Font Info:    Overwriting symbol font `largesymbolsA' in version `rm'
(Font)                  U/jkpexa/m/n --> U/jkpexa/m/n on input line 617.
LaTeX Font Info:    Overwriting symbol font `largesymbolsA' in version `boldrm'

(Font)                  U/jkpexa/m/n --> U/jkpexa/bx/n on input line 618.
LaTeX Font Info:    Overwriting symbol font `largesymbolsA' in version `sf'
(Font)                  U/jkpexa/m/n --> U/jkpexa/m/n on input line 619.
LaTeX Font Info:    Overwriting symbol font `largesymbolsA' in version `boldsf'

(Font)                  U/jkpexa/m/n --> U/jkpexa/bx/n on input line 620.
LaTeX Info: Redefining \not on input line 1580.
)
("/Library/Application Support/MiKTeX/texmfs/install/tex/latex/geometry/geometr
y.sty"
Package: geometry 2018/04/16 v5.8 Page Geometry

("/Library/Application Support/MiKTeX/texmfs/install/tex/generic/oberdiek/ifpdf
.sty"
Package: ifpdf 2018/09/07 v3.3 Provides the ifpdf switch
)
("/Library/Application Support/MiKTeX/texmfs/install/tex/generic/oberdiek/ifvte
x.sty"
Package: ifvtex 2016/05/16 v1.6 Detect VTeX and its facilities (HO)
Package ifvtex Info: VTeX not detected.
)
\Gm@cnth=\count104
\Gm@cntv=\count105
\c@Gm@tempcnt=\count106
\Gm@bindingoffset=\dimen118
\Gm@wd@mp=\dimen119
\Gm@odd@mp=\dimen120
\Gm@even@mp=\dimen121
\Gm@layoutwidth=\dimen122
\Gm@layoutheight=\dimen123
\Gm@layouthoffset=\dimen124
\Gm@layoutvoffset=\dimen125
\Gm@dimlist=\toks21

("/Library/Application Support/MiKTeX/texmfs/install/tex/latex/geometry/geometr
y.cfg"))
("/Users/gimaikteh/Library/Application Support/MiKTeX/texmfs/install/tex/latex/
stackengine/stackengine.sty"
Package: stackengine 2017/02/13 v4.01\ Stacking text and objects in convenient 
ways

("/Users/gimaikteh/Library/Application Support/MiKTeX/texmfs/install/tex/latex/
etoolbox/etoolbox.sty"
Package: etoolbox 2018/08/19 v2.5f e-TeX tools for LaTeX (JAW)
\etb@tempcnta=\count107
)
("/Users/gimaikteh/Library/Application Support/MiKTeX/texmfs/install/tex/latex/
listofitems/listofitems.sty"
("/Users/gimaikteh/Library/Application Support/MiKTeX/texmfs/install/tex/generi
c/listofitems/listofitems.tex"
\loi_nestcnt=\count108
)
Package: listofitems 2018/03/13 v1.53 Grab items in lists using user-specified 
sep char (CT)
)
("/Library/Application Support/MiKTeX/texmfs/install/tex/latex/tools/calc.sty"
Package: calc 2017/05/25 v4.3 Infix arithmetic (KKT,FJ)
\calc@Acount=\count109
\calc@Bcount=\count110
\calc@Adimen=\dimen126
\calc@Bdimen=\dimen127
\calc@Askip=\skip46
\calc@Bskip=\skip47
LaTeX Info: Redefining \setlength on input line 80.
LaTeX Info: Redefining \addtolength on input line 81.
\calc@Ccount=\count111
\calc@Cskip=\skip48
)
\c@@stackindex=\count112
\@boxshift=\skip49
\stack@tmplength=\skip50
\temp@stkl=\skip51
\@stackedboxwidth=\skip52
\@addedbox=\box29
\@anchorbox=\box30
\stackedbox=\box31
\@centerbox=\box32
\c@ROWcellindex@=\count113
)
("/Library/Application Support/MiKTeX/texmfs/install/tex/latex/tools/tabularx.s
ty"
Package: tabularx 2016/02/03 v2.11b `tabularx' package (DPC)

("/Library/Application Support/MiKTeX/texmfs/install/tex/latex/tools/array.sty"
Package: array 2018/04/30 v2.4h Tabular extension package (FMi)
\col@sep=\dimen128
\ar@mcellbox=\box33
\extrarowheight=\dimen129
\NC@list=\toks22
\extratabsurround=\skip53
\backup@length=\skip54
\ar@cellbox=\box34
)
\TX@col@width=\dimen130
\TX@old@table=\dimen131
\TX@old@col=\dimen132
\TX@target=\dimen133
\TX@delta=\dimen134
\TX@cols=\count114
\TX@ftn=\toks23
)
("/Library/Application Support/MiKTeX/texmfs/install/tex/latex/tools/longtable.
sty"
Package: longtable 2014/10/28 v4.11 Multi-page Table package (DPC)
\LTleft=\skip55
\LTright=\skip56
\LTpre=\skip57
\LTpost=\skip58
\LTchunksize=\count115
\LTcapwidth=\dimen135
\LT@head=\box35
\LT@firsthead=\box36
\LT@foot=\box37
\LT@lastfoot=\box38
\LT@cols=\count116
\LT@rows=\count117
\c@LT@tables=\count118
\c@LT@chunks=\count119
\LT@p@ftn=\toks24
)
("/Library/Application Support/MiKTeX/texmfs/install/tex/latex/multirow/multiro
w.sty"
Package: multirow 2018/08/03 v2.3 Span multiple rows of a table
\multirow@colwidth=\skip59
\multirow@cntb=\count120
\multirow@dima=\skip60
\bigstrutjot=\dimen136
)
("/Users/gimaikteh/Library/Application Support/MiKTeX/texmfs/install/tex/latex/
subfigure/subfigure.sty"
Package: subfigure 2002/07/30 v2.1.4 subfigure package
\subfigtopskip=\skip61
\subfigcapskip=\skip62
\subfigcaptopadj=\dimen137
\subfigbottomskip=\skip63
\subfigcapmargin=\dimen138
\subfiglabelskip=\skip64
\c@subfigure=\count121
\c@lofdepth=\count122
\c@subtable=\count123
\c@lotdepth=\count124

****************************************
* Local config file subfigure.cfg used *
****************************************

("/Users/gimaikteh/Library/Application Support/MiKTeX/texmfs/install/tex/latex/
subfigure/subfigure.cfg")
\subfig@top=\skip65
\subfig@bottom=\skip66
)
("/Users/gimaikteh/Library/Application Support/MiKTeX/texmfs/install/tex/latex/
caption/caption.sty"
Package: caption 2018/05/01 v3.3-147 Customizing captions (AR)

("/Users/gimaikteh/Library/Application Support/MiKTeX/texmfs/install/tex/latex/
caption/caption3.sty"
Package: caption3 2018/05/27 v1.8a caption3 kernel (AR)
Package caption3 Info: TeX engine: e-TeX on input line 64.
\captionmargin=\dimen139
\captionmargin@=\dimen140
\captionwidth=\dimen141
\caption@tempdima=\dimen142
\caption@indent=\dimen143
\caption@parindent=\dimen144
\caption@hangindent=\dimen145
)
\c@ContinuedFloat=\count125
Package caption Info: longtable package is loaded.

("/Users/gimaikteh/Library/Application Support/MiKTeX/texmfs/install/tex/latex/
caption/ltcaption.sty"
Package: ltcaption 2013/06/09 v1.4-94 longtable captions (AR)
)
Package caption Info: subfigure package is loaded.
)
("/Users/gimaikteh/Library/Application Support/MiKTeX/texmfs/install/tex/latex/
fncylab/fncylab.sty") (fancyhdr.sty
\fancy@headwidth=\skip67
\f@ncyO@elh=\skip68
\f@ncyO@erh=\skip69
\f@ncyO@olh=\skip70
\f@ncyO@orh=\skip71
\f@ncyO@elf=\skip72
\f@ncyO@erf=\skip73
\f@ncyO@olf=\skip74
\f@ncyO@orf=\skip75
)
("/Library/Application Support/MiKTeX/texmfs/install/tex/latex/graphics/color.s
ty"
Package: color 2016/07/10 v1.1e Standard LaTeX Color (DPC)

("/Library/Application Support/MiKTeX/texmfs/install/tex/latex/graphics-cfg/col
or.cfg"
File: color.cfg 2016/01/02 v1.6 sample color configuration
)
Package color Info: Driver file: pdftex.def on input line 147.

("/Library/Application Support/MiKTeX/texmfs/install/tex/latex/graphics-def/pdf
tex.def"
File: pdftex.def 2018/01/08 v1.0l Graphics/color driver for pdftex
))
("/Users/gimaikteh/Library/Application Support/MiKTeX/texmfs/install/tex/latex/
units/units.sty"
Package: units 1998/08/04 v0.9b Typesetting units

("/Library/Application Support/MiKTeX/texmfs/install/tex/latex/base/ifthen.sty"
Package: ifthen 2014/09/29 v1.1c Standard LaTeX ifthen package (DPC)
)
("/Users/gimaikteh/Library/Application Support/MiKTeX/texmfs/install/tex/latex/
units/nicefrac.sty"
Package: nicefrac 1998/08/04 v0.9b Nice fractions
\L@UnitsRaiseDisplaystyle=\skip76
\L@UnitsRaiseTextstyle=\skip77
\L@UnitsRaiseScriptstyle=\skip78
LaTeX Info: Redefining \nicefrac on input line 131.
))
("/Users/gimaikteh/Library/Application Support/MiKTeX/texmfs/install/tex/latex/
url/url.sty"
\Urlmuskip=\muskip11
Package: url 2013/09/16  ver 3.4  Verb mode for urls, etc.
)
("/Library/Application Support/MiKTeX/texmfs/install/tex/latex/float/float.sty"
Package: float 2001/11/08 v1.3d Float enhancements (AL)
\c@float@type=\count126
\float@exts=\toks25
\float@box=\box39
\@float@everytoks=\toks26
\@floatcapt=\box40
)
("/Library/Application Support/MiKTeX/texmfs/install/tex/generic/babel/babel.st
y"
Package: babel 2018/09/02 3.23 The Babel package

("/Library/Application Support/MiKTeX/texmfs/install/tex/generic/babel/switch.d
ef"
File: switch.def 2018/09/02 3.23 Babel switching mechanism
)
*************************************
* Local config file bblopts.cfg used
*

("/Users/gimaikteh/Library/Application Support/MiKTeX/texmfs/install/tex/latex/
arabi/bblopts.cfg"
File: bblopts.cfg 2005/09/08 v0.1 add Arabic and Farsi to "declared" options of
 babel
)
("/Library/Application Support/MiKTeX/texmfs/install/tex/latex/babel-english/en
glish.ldf"
Language: english 2017/06/06 v3.3r English support from the babel system

("/Library/Application Support/MiKTeX/texmfs/install/tex/generic/babel/babel.de
f"
File: babel.def 2018/09/02 3.23 Babel common definitions
\babel@savecnt=\count127
\U@D=\dimen146

("/Library/Application Support/MiKTeX/texmfs/install/tex/generic/babel/txtbabel
.def")
\bbl@dirlevel=\count128
)
\l@british = a dialect from \language\l@english 
\l@UKenglish = a dialect from \language\l@english 
\l@american = a dialect from \language\l@english 
\l@canadian = a dialect from \language\l@american 
\l@australian = a dialect from \language\l@british 
\l@newzealand = a dialect from \language\l@british 
))
("/Library/Application Support/MiKTeX/texmfs/install/tex/latex/graphics/graphic
x.sty"
Package: graphicx 2017/06/01 v1.1a Enhanced LaTeX Graphics (DPC,SPQR)

("/Library/Application Support/MiKTeX/texmfs/install/tex/latex/graphics/graphic
s.sty"
Package: graphics 2017/06/25 v1.2c Standard LaTeX Graphics (DPC,SPQR)

("/Library/Application Support/MiKTeX/texmfs/install/tex/latex/graphics/trig.st
y"
Package: trig 2016/01/03 v1.10 sin cos tan (DPC)
)
("/Library/Application Support/MiKTeX/texmfs/install/tex/latex/graphics-cfg/gra
phics.cfg"
File: graphics.cfg 2016/06/04 v1.11 sample graphics configuration
)
Package graphics Info: Driver file: pdftex.def on input line 99.
)
\Gin@req@height=\dimen147
\Gin@req@width=\dimen148
)
("/Users/gimaikteh/Library/Application Support/MiKTeX/texmfs/install/tex/latex/
todonotes/todonotes.sty"
Package: todonotes 2015/07/09 .dtx Todonotes source and documentation.
Package: todonotes 2012/07/25

("/Library/Application Support/MiKTeX/texmfs/install/tex/latex/xkeyval/xkeyval.
sty"
Package: xkeyval 2014/12/03 v2.7a package option processing (HA)

("/Library/Application Support/MiKTeX/texmfs/install/tex/generic/xkeyval/xkeyva
l.tex"
("/Library/Application Support/MiKTeX/texmfs/install/tex/generic/xkeyval/xkvuti
ls.tex"
\XKV@toks=\toks27
\XKV@tempa@toks=\toks28
)
\XKV@depth=\count129
File: xkeyval.tex 2014/12/03 v2.7a key=value parser (HA)
))
("/Users/gimaikteh/Library/Application Support/MiKTeX/texmfs/install/tex/latex/
xcolor/xcolor.sty"
Package: xcolor 2016/05/11 v2.12 LaTeX color extensions (UK)

("/Library/Application Support/MiKTeX/texmfs/install/tex/latex/graphics-cfg/col
or.cfg"
File: color.cfg 2016/01/02 v1.6 sample color configuration
)
Package xcolor Info: Driver file: pdftex.def on input line 225.
LaTeX Info: Redefining \color on input line 709.
Package xcolor Info: Model `cmy' substituted by `cmy0' on input line 1348.
Package xcolor Info: Model `hsb' substituted by `rgb' on input line 1352.
Package xcolor Info: Model `RGB' extended on input line 1364.
Package xcolor Info: Model `HTML' substituted by `rgb' on input line 1366.
Package xcolor Info: Model `Hsb' substituted by `hsb' on input line 1367.
Package xcolor Info: Model `tHsb' substituted by `hsb' on input line 1368.
Package xcolor Info: Model `HSB' substituted by `hsb' on input line 1369.
Package xcolor Info: Model `Gray' substituted by `gray' on input line 1370.
Package xcolor Info: Model `wave' substituted by `hsb' on input line 1371.
)
("/Users/gimaikteh/Library/Application Support/MiKTeX/texmfs/install/tex/latex/
pgf/frontendlayer/tikz.sty"
("/Users/gimaikteh/Library/Application Support/MiKTeX/texmfs/install/tex/latex/
pgf/basiclayer/pgf.sty"
("/Users/gimaikteh/Library/Application Support/MiKTeX/texmfs/install/tex/latex/
pgf/utilities/pgfrcs.sty"
("/Users/gimaikteh/Library/Application Support/MiKTeX/texmfs/install/tex/generi
c/pgf/utilities/pgfutil-common.tex"
\pgfutil@everybye=\toks29
\pgfutil@tempdima=\dimen149
\pgfutil@tempdimb=\dimen150

("/Users/gimaikteh/Library/Application Support/MiKTeX/texmfs/install/tex/generi
c/pgf/utilities/pgfutil-common-lists.tex"))
("/Users/gimaikteh/Library/Application Support/MiKTeX/texmfs/install/tex/generi
c/pgf/utilities/pgfutil-latex.def"
\pgfutil@abb=\box41

("/Users/gimaikteh/Library/Application Support/MiKTeX/texmfs/install/tex/latex/
ms/everyshi.sty"
Package: everyshi 2001/05/15 v3.00 EveryShipout Package (MS)
))
("/Users/gimaikteh/Library/Application Support/MiKTeX/texmfs/install/tex/generi
c/pgf/utilities/pgfrcs.code.tex"
Package: pgfrcs 2015/08/07 v3.0.1a (rcs-revision 1.31)
))
Package: pgf 2015/08/07 v3.0.1a (rcs-revision 1.15)

("/Users/gimaikteh/Library/Application Support/MiKTeX/texmfs/install/tex/latex/
pgf/basiclayer/pgfcore.sty"
("/Users/gimaikteh/Library/Application Support/MiKTeX/texmfs/install/tex/latex/
pgf/systemlayer/pgfsys.sty"
("/Users/gimaikteh/Library/Application Support/MiKTeX/texmfs/install/tex/generi
c/pgf/systemlayer/pgfsys.code.tex"
Package: pgfsys 2014/07/09 v3.0.1a (rcs-revision 1.48)

("/Users/gimaikteh/Library/Application Support/MiKTeX/texmfs/install/tex/generi
c/pgf/utilities/pgfkeys.code.tex"
\pgfkeys@pathtoks=\toks30
\pgfkeys@temptoks=\toks31

("/Users/gimaikteh/Library/Application Support/MiKTeX/texmfs/install/tex/generi
c/pgf/utilities/pgfkeysfiltered.code.tex"
\pgfkeys@tmptoks=\toks32
))
\pgf@x=\dimen151
\pgf@y=\dimen152
\pgf@xa=\dimen153
\pgf@ya=\dimen154
\pgf@xb=\dimen155
\pgf@yb=\dimen156
\pgf@xc=\dimen157
\pgf@yc=\dimen158
\w@pgf@writea=\write3
\r@pgf@reada=\read1
\c@pgf@counta=\count130
\c@pgf@countb=\count131
\c@pgf@countc=\count132
\c@pgf@countd=\count133
\t@pgf@toka=\toks33
\t@pgf@tokb=\toks34
\t@pgf@tokc=\toks35

("/Users/gimaikteh/Library/Application Support/MiKTeX/texmfs/install/tex/generi
c/pgf/systemlayer/pgf.cfg"
File: pgf.cfg 2008/05/14  (rcs-revision 1.7)
)
Driver file for pgf: pgfsys-pdftex.def

("/Users/gimaikteh/Library/Application Support/MiKTeX/texmfs/install/tex/generi
c/pgf/systemlayer/pgfsys-pdftex.def"
File: pgfsys-pdftex.def 2014/10/11  (rcs-revision 1.35)

("/Users/gimaikteh/Library/Application Support/MiKTeX/texmfs/install/tex/generi
c/pgf/systemlayer/pgfsys-common-pdf.def"
File: pgfsys-common-pdf.def 2013/10/10  (rcs-revision 1.13)
)))
("/Users/gimaikteh/Library/Application Support/MiKTeX/texmfs/install/tex/generi
c/pgf/systemlayer/pgfsyssoftpath.code.tex"
File: pgfsyssoftpath.code.tex 2013/09/09  (rcs-revision 1.9)
\pgfsyssoftpath@smallbuffer@items=\count134
\pgfsyssoftpath@bigbuffer@items=\count135
)
("/Users/gimaikteh/Library/Application Support/MiKTeX/texmfs/install/tex/generi
c/pgf/systemlayer/pgfsysprotocol.code.tex"
File: pgfsysprotocol.code.tex 2006/10/16  (rcs-revision 1.4)
))
("/Users/gimaikteh/Library/Application Support/MiKTeX/texmfs/install/tex/generi
c/pgf/basiclayer/pgfcore.code.tex"
Package: pgfcore 2010/04/11 v3.0.1a (rcs-revision 1.7)

("/Users/gimaikteh/Library/Application Support/MiKTeX/texmfs/install/tex/generi
c/pgf/math/pgfmath.code.tex"
("/Users/gimaikteh/Library/Application Support/MiKTeX/texmfs/install/tex/generi
c/pgf/math/pgfmathcalc.code.tex"
("/Users/gimaikteh/Library/Application Support/MiKTeX/texmfs/install/tex/generi
c/pgf/math/pgfmathutil.code.tex")
("/Users/gimaikteh/Library/Application Support/MiKTeX/texmfs/install/tex/generi
c/pgf/math/pgfmathparser.code.tex"
\pgfmath@dimen=\dimen159
\pgfmath@count=\count136
\pgfmath@box=\box42
\pgfmath@toks=\toks36
\pgfmath@stack@operand=\toks37
\pgfmath@stack@operation=\toks38
)
("/Users/gimaikteh/Library/Application Support/MiKTeX/texmfs/install/tex/generi
c/pgf/math/pgfmathfunctions.code.tex"
("/Users/gimaikteh/Library/Application Support/MiKTeX/texmfs/install/tex/generi
c/pgf/math/pgfmathfunctions.basic.code.tex")
("/Users/gimaikteh/Library/Application Support/MiKTeX/texmfs/install/tex/generi
c/pgf/math/pgfmathfunctions.trigonometric.code.tex")
("/Users/gimaikteh/Library/Application Support/MiKTeX/texmfs/install/tex/generi
c/pgf/math/pgfmathfunctions.random.code.tex")
("/Users/gimaikteh/Library/Application Support/MiKTeX/texmfs/install/tex/generi
c/pgf/math/pgfmathfunctions.comparison.code.tex")
("/Users/gimaikteh/Library/Application Support/MiKTeX/texmfs/install/tex/generi
c/pgf/math/pgfmathfunctions.base.code.tex")
("/Users/gimaikteh/Library/Application Support/MiKTeX/texmfs/install/tex/generi
c/pgf/math/pgfmathfunctions.round.code.tex")
("/Users/gimaikteh/Library/Application Support/MiKTeX/texmfs/install/tex/generi
c/pgf/math/pgfmathfunctions.misc.code.tex")
("/Users/gimaikteh/Library/Application Support/MiKTeX/texmfs/install/tex/generi
c/pgf/math/pgfmathfunctions.integerarithmetics.code.tex")))
("/Users/gimaikteh/Library/Application Support/MiKTeX/texmfs/install/tex/generi
c/pgf/math/pgfmathfloat.code.tex"
\c@pgfmathroundto@lastzeros=\count137
))
("/Users/gimaikteh/Library/Application Support/MiKTeX/texmfs/install/tex/generi
c/pgf/basiclayer/pgfcorepoints.code.tex"
File: pgfcorepoints.code.tex 2013/10/07  (rcs-revision 1.27)
\pgf@picminx=\dimen160
\pgf@picmaxx=\dimen161
\pgf@picminy=\dimen162
\pgf@picmaxy=\dimen163
\pgf@pathminx=\dimen164
\pgf@pathmaxx=\dimen165
\pgf@pathminy=\dimen166
\pgf@pathmaxy=\dimen167
\pgf@xx=\dimen168
\pgf@xy=\dimen169
\pgf@yx=\dimen170
\pgf@yy=\dimen171
\pgf@zx=\dimen172
\pgf@zy=\dimen173
)
("/Users/gimaikteh/Library/Application Support/MiKTeX/texmfs/install/tex/generi
c/pgf/basiclayer/pgfcorepathconstruct.code.tex"
File: pgfcorepathconstruct.code.tex 2013/10/07  (rcs-revision 1.29)
\pgf@path@lastx=\dimen174
\pgf@path@lasty=\dimen175
)
("/Users/gimaikteh/Library/Application Support/MiKTeX/texmfs/install/tex/generi
c/pgf/basiclayer/pgfcorepathusage.code.tex"
File: pgfcorepathusage.code.tex 2014/11/02  (rcs-revision 1.24)
\pgf@shorten@end@additional=\dimen176
\pgf@shorten@start@additional=\dimen177
)
("/Users/gimaikteh/Library/Application Support/MiKTeX/texmfs/install/tex/generi
c/pgf/basiclayer/pgfcorescopes.code.tex"
File: pgfcorescopes.code.tex 2015/05/08  (rcs-revision 1.46)
\pgfpic=\box43
\pgf@hbox=\box44
\pgf@layerbox@main=\box45
\pgf@picture@serial@count=\count138
)
("/Users/gimaikteh/Library/Application Support/MiKTeX/texmfs/install/tex/generi
c/pgf/basiclayer/pgfcoregraphicstate.code.tex"
File: pgfcoregraphicstate.code.tex 2014/11/02  (rcs-revision 1.12)
\pgflinewidth=\dimen178
)
("/Users/gimaikteh/Library/Application Support/MiKTeX/texmfs/install/tex/generi
c/pgf/basiclayer/pgfcoretransformations.code.tex"
File: pgfcoretransformations.code.tex 2015/08/07  (rcs-revision 1.20)
\pgf@pt@x=\dimen179
\pgf@pt@y=\dimen180
\pgf@pt@temp=\dimen181
)
("/Users/gimaikteh/Library/Application Support/MiKTeX/texmfs/install/tex/generi
c/pgf/basiclayer/pgfcorequick.code.tex"
File: pgfcorequick.code.tex 2008/10/09  (rcs-revision 1.3)
)
("/Users/gimaikteh/Library/Application Support/MiKTeX/texmfs/install/tex/generi
c/pgf/basiclayer/pgfcoreobjects.code.tex"
File: pgfcoreobjects.code.tex 2006/10/11  (rcs-revision 1.2)
)
("/Users/gimaikteh/Library/Application Support/MiKTeX/texmfs/install/tex/generi
c/pgf/basiclayer/pgfcorepathprocessing.code.tex"
File: pgfcorepathprocessing.code.tex 2013/09/09  (rcs-revision 1.9)
)
("/Users/gimaikteh/Library/Application Support/MiKTeX/texmfs/install/tex/generi
c/pgf/basiclayer/pgfcorearrows.code.tex"
File: pgfcorearrows.code.tex 2015/05/14  (rcs-revision 1.43)
\pgfarrowsep=\dimen182
)
("/Users/gimaikteh/Library/Application Support/MiKTeX/texmfs/install/tex/generi
c/pgf/basiclayer/pgfcoreshade.code.tex"
File: pgfcoreshade.code.tex 2013/07/15  (rcs-revision 1.15)
\pgf@max=\dimen183
\pgf@sys@shading@range@num=\count139
)
("/Users/gimaikteh/Library/Application Support/MiKTeX/texmfs/install/tex/generi
c/pgf/basiclayer/pgfcoreimage.code.tex"
File: pgfcoreimage.code.tex 2013/07/15  (rcs-revision 1.18)

("/Users/gimaikteh/Library/Application Support/MiKTeX/texmfs/install/tex/generi
c/pgf/basiclayer/pgfcoreexternal.code.tex"
File: pgfcoreexternal.code.tex 2014/07/09  (rcs-revision 1.21)
\pgfexternal@startupbox=\box46
))
("/Users/gimaikteh/Library/Application Support/MiKTeX/texmfs/install/tex/generi
c/pgf/basiclayer/pgfcorelayers.code.tex"
File: pgfcorelayers.code.tex 2013/07/18  (rcs-revision 1.7)
)
("/Users/gimaikteh/Library/Application Support/MiKTeX/texmfs/install/tex/generi
c/pgf/basiclayer/pgfcoretransparency.code.tex"
File: pgfcoretransparency.code.tex 2013/09/30  (rcs-revision 1.5)
)
("/Users/gimaikteh/Library/Application Support/MiKTeX/texmfs/install/tex/generi
c/pgf/basiclayer/pgfcorepatterns.code.tex"
File: pgfcorepatterns.code.tex 2013/11/07  (rcs-revision 1.5)
)))
("/Users/gimaikteh/Library/Application Support/MiKTeX/texmfs/install/tex/generi
c/pgf/modules/pgfmoduleshapes.code.tex"
File: pgfmoduleshapes.code.tex 2014/03/21  (rcs-revision 1.35)
\pgfnodeparttextbox=\box47
)
("/Users/gimaikteh/Library/Application Support/MiKTeX/texmfs/install/tex/generi
c/pgf/modules/pgfmoduleplot.code.tex"
File: pgfmoduleplot.code.tex 2015/08/03  (rcs-revision 1.13)
)
("/Users/gimaikteh/Library/Application Support/MiKTeX/texmfs/install/tex/latex/
pgf/compatibility/pgfcomp-version-0-65.sty"
Package: pgfcomp-version-0-65 2007/07/03 v3.0.1a (rcs-revision 1.7)
\pgf@nodesepstart=\dimen184
\pgf@nodesepend=\dimen185
)
("/Users/gimaikteh/Library/Application Support/MiKTeX/texmfs/install/tex/latex/
pgf/compatibility/pgfcomp-version-1-18.sty"
Package: pgfcomp-version-1-18 2007/07/23 v3.0.1a (rcs-revision 1.1)
))
("/Users/gimaikteh/Library/Application Support/MiKTeX/texmfs/install/tex/latex/
pgf/utilities/pgffor.sty"
("/Users/gimaikteh/Library/Application Support/MiKTeX/texmfs/install/tex/latex/
pgf/utilities/pgfkeys.sty"
("/Users/gimaikteh/Library/Application Support/MiKTeX/texmfs/install/tex/generi
c/pgf/utilities/pgfkeys.code.tex"))
("/Users/gimaikteh/Library/Application Support/MiKTeX/texmfs/install/tex/latex/
pgf/math/pgfmath.sty"
("/Users/gimaikteh/Library/Application Support/MiKTeX/texmfs/install/tex/generi
c/pgf/math/pgfmath.code.tex"))
("/Users/gimaikteh/Library/Application Support/MiKTeX/texmfs/install/tex/generi
c/pgf/utilities/pgffor.code.tex"
Package: pgffor 2013/12/13 v3.0.1a (rcs-revision 1.25)

("/Users/gimaikteh/Library/Application Support/MiKTeX/texmfs/install/tex/generi
c/pgf/math/pgfmath.code.tex")
\pgffor@iter=\dimen186
\pgffor@skip=\dimen187
\pgffor@stack=\toks39
\pgffor@toks=\toks40
))
("/Users/gimaikteh/Library/Application Support/MiKTeX/texmfs/install/tex/generi
c/pgf/frontendlayer/tikz/tikz.code.tex"
Package: tikz 2015/08/07 v3.0.1a (rcs-revision 1.151)

("/Users/gimaikteh/Library/Application Support/MiKTeX/texmfs/install/tex/generi
c/pgf/libraries/pgflibraryplothandlers.code.tex"
File: pgflibraryplothandlers.code.tex 2013/08/31 v3.0.1a (rcs-revision 1.20)
\pgf@plot@mark@count=\count140
\pgfplotmarksize=\dimen188
)
\tikz@lastx=\dimen189
\tikz@lasty=\dimen190
\tikz@lastxsaved=\dimen191
\tikz@lastysaved=\dimen192
\tikzleveldistance=\dimen193
\tikzsiblingdistance=\dimen194
\tikz@figbox=\box48
\tikz@figbox@bg=\box49
\tikz@tempbox=\box50
\tikz@tempbox@bg=\box51
\tikztreelevel=\count141
\tikznumberofchildren=\count142
\tikznumberofcurrentchild=\count143
\tikz@fig@count=\count144

("/Users/gimaikteh/Library/Application Support/MiKTeX/texmfs/install/tex/generi
c/pgf/modules/pgfmodulematrix.code.tex"
File: pgfmodulematrix.code.tex 2013/09/17  (rcs-revision 1.8)
\pgfmatrixcurrentrow=\count145
\pgfmatrixcurrentcolumn=\count146
\pgf@matrix@numberofcolumns=\count147
)
\tikz@expandcount=\count148

("/Users/gimaikteh/Library/Application Support/MiKTeX/texmfs/install/tex/generi
c/pgf/frontendlayer/tikz/libraries/tikzlibrarytopaths.code.tex"
File: tikzlibrarytopaths.code.tex 2008/06/17 v3.0.1a (rcs-revision 1.2)
)))
("/Users/gimaikteh/Library/Application Support/MiKTeX/texmfs/install/tex/generi
c/pgf/frontendlayer/tikz/libraries/tikzlibrarypositioning.code.tex"
File: tikzlibrarypositioning.code.tex 2008/10/06 v3.0.1a (rcs-revision 1.7)
)
\c@@todonotes@numberoftodonotes=\count149
)
("/Users/gimaikteh/Library/Application Support/MiKTeX/texmfs/install/tex/latex/
doublestroke/dsfont.sty"
Package: dsfont 1995/08/01 v0.1 Double stroke roman fonts
)
("/Library/Application Support/MiKTeX/texmfs/install/tex/latex/oberdiek/epstopd
f.sty"
Package: epstopdf 2016/05/15 v2.6 Conversion with epstopdf on the fly (HO)

("/Library/Application Support/MiKTeX/texmfs/install/tex/latex/oberdiek/epstopd
f-base.sty"
Package: epstopdf-base 2016/05/15 v2.6 Base part for package epstopdf

("/Library/Application Support/MiKTeX/texmfs/install/tex/generic/oberdiek/infwa
rerr.sty"
Package: infwarerr 2016/05/16 v1.4 Providing info/warning/error messages (HO)
)
("/Library/Application Support/MiKTeX/texmfs/install/tex/latex/oberdiek/grfext.
sty"
Package: grfext 2016/05/16 v1.2 Manage graphics extensions (HO)

("/Library/Application Support/MiKTeX/texmfs/install/tex/generic/oberdiek/kvdef
inekeys.sty"
Package: kvdefinekeys 2016/05/16 v1.4 Define keys (HO)

("/Library/Application Support/MiKTeX/texmfs/install/tex/generic/oberdiek/ltxcm
ds.sty"
Package: ltxcmds 2016/05/16 v1.23 LaTeX kernel commands for general use (HO)
)))
("/Library/Application Support/MiKTeX/texmfs/install/tex/latex/oberdiek/kvoptio
ns.sty"
Package: kvoptions 2016/05/16 v3.12 Key value format for package options (HO)

("/Library/Application Support/MiKTeX/texmfs/install/tex/generic/oberdiek/kvset
keys.sty"
Package: kvsetkeys 2016/05/16 v1.17 Key value parser (HO)

("/Library/Application Support/MiKTeX/texmfs/install/tex/generic/oberdiek/etexc
mds.sty"
Package: etexcmds 2016/05/16 v1.6 Avoid name clashes with e-TeX commands (HO)

("/Library/Application Support/MiKTeX/texmfs/install/tex/generic/oberdiek/iflua
tex.sty"
Package: ifluatex 2016/05/16 v1.4 Provides the ifluatex switch (HO)
Package ifluatex Info: LuaTeX not detected.
)
Package etexcmds Info: Could not find \expanded.
(etexcmds)             That can mean that you are not using pdfTeX 1.50 or
(etexcmds)             that some package has redefined \expanded.
(etexcmds)             In the latter case, load this package earlier.
)))
("/Library/Application Support/MiKTeX/texmfs/install/tex/generic/oberdiek/pdfte
xcmds.sty"
Package: pdftexcmds 2018/09/10 v0.29 Utility functions of pdfTeX for LuaTeX (HO
)
Package pdftexcmds Info: LuaTeX not detected.
Package pdftexcmds Info: \pdf@primitive is available.
Package pdftexcmds Info: \pdf@ifprimitive is available.
Package pdftexcmds Info: \pdfdraftmode found.
)
Package epstopdf-base Info: Redefining graphics rule for `.eps' on input line 4
38.
Package grfext Info: Graphics extension search list:
(grfext)             [.pdf,.png,.jpg,.mps,.jpeg,.jbig2,.jb2,.PDF,.PNG,.JPG,.JPE
G,.JBIG2,.JB2,.eps]
(grfext)             \AppendGraphicsExtensions on input line 456.
))
("/Users/gimaikteh/Library/Application Support/MiKTeX/texmfs/install/tex/latex/
natbib/natbib.sty"
Package: natbib 2010/09/13 8.31b (PWD, AO)
\bibhang=\skip79
\bibsep=\skip80
LaTeX Info: Redefining \cite on input line 694.
\c@NAT@ctr=\count150
)
("/Library/Application Support/MiKTeX/texmfs/install/tex/latex/hyperref/backref
.sty"
Package: backref 2016/05/21 v1.39 Bibliographical back referencing

("/Library/Application Support/MiKTeX/texmfs/install/tex/latex/oberdiek/rerunfi
lecheck.sty"
Package: rerunfilecheck 2016/05/16 v1.8 Rerun checks for auxiliary files (HO)

("/Library/Application Support/MiKTeX/texmfs/install/tex/latex/oberdiek/atverye
nd.sty"
Package: atveryend 2016/05/16 v1.9 Hooks at the very end of document (HO)
)
("/Library/Application Support/MiKTeX/texmfs/install/tex/generic/oberdiek/uniqu
ecounter.sty"
Package: uniquecounter 2016/05/16 v1.3 Provide unlimited unique counter (HO)

("/Library/Application Support/MiKTeX/texmfs/install/tex/generic/oberdiek/bigin
tcalc.sty"
Package: bigintcalc 2016/05/16 v1.4 Expandable calculations on big integers (HO
)
))
Package uniquecounter Info: New unique counter `rerunfilecheck' on input line 2
82.
))
("/Library/Application Support/MiKTeX/texmfs/install/tex/latex/base/latexsym.st
y"
Package: latexsym 1998/08/17 v2.2e Standard LaTeX package (lasy symbols)
\symlasy=\mathgroup9
LaTeX Font Info:    Overwriting symbol font `lasy' in version `bold'
(Font)                  U/lasy/m/n --> U/lasy/b/n on input line 52.
)
("/Library/Application Support/MiKTeX/texmfs/install/tex/latex/algorithms/algor
ithmic.sty"
Package: algorithmic 2009/08/24 v0.1 Document Style `algorithmic'
\c@ALC@unique=\count151
\c@ALC@line=\count152
\c@ALC@rem=\count153
\c@ALC@depth=\count154
\ALC@tlm=\skip81
\algorithmicindent=\skip82
)
("/Library/Application Support/MiKTeX/texmfs/install/tex/latex/algorithm2e/algo
rithm2e.sty"
Package: algorithm2e 2017/07/18 v5.2 algorithms environments
\c@AlgoLine=\count155
\algocf@hangindent=\skip83

("/Users/gimaikteh/Library/Application Support/MiKTeX/texmfs/install/tex/latex/
ifoddpage/ifoddpage.sty"
Package: ifoddpage 2016/04/23 v1.1 Conditionals for odd/even page detection
\c@checkoddpage=\count156
)
("/Library/Application Support/MiKTeX/texmfs/install/tex/latex/tools/xspace.sty
"
Package: xspace 2014/10/28 v1.13 Space after command names (DPC,MH)
)
("/Users/gimaikteh/Library/Application Support/MiKTeX/texmfs/install/tex/latex/
relsize/relsize.sty"
Package: relsize 2013/03/29 ver 4.1
)
\skiptotal=\skip84
\skiplinenumber=\skip85
\skiprule=\skip86
\skiphlne=\skip87
\skiptext=\skip88
\skiplength=\skip89
\algomargin=\skip90
\skipalgocfslide=\skip91
\algowidth=\dimen195
\inoutsize=\dimen196
\inoutindent=\dimen197
\interspacetitleruled=\dimen198
\interspacealgoruled=\dimen199
\interspacetitleboxruled=\dimen256
\algocf@ruledwidth=\skip92
\algocf@inoutbox=\box52
\algocf@inputbox=\box53
\AlCapSkip=\skip93
\AlCapHSkip=\skip94
\algoskipindent=\skip95
\algocf@nlbox=\box54
\algocf@hangingbox=\box55
\algocf@untilbox=\box56
\algocf@skipuntil=\skip96
\algocf@capbox=\box57
\algocf@lcaptionbox=\skip97
\algoheightruledefault=\skip98
\algoheightrule=\skip99
\algotitleheightruledefault=\skip100
\algotitleheightrule=\skip101
\c@algocfline=\count157
\c@algocfproc=\count158
\c@algocf=\count159
\algocf@algoframe=\box58
\algocf@algobox=\box59
)
("/Library/Application Support/MiKTeX/texmfs/install/tex/latex/tools/enumerate.
sty"
Package: enumerate 2015/07/23 v3.00 enumerate extensions (DPC)
\@enLab=\toks41
)
("/Library/Application Support/MiKTeX/texmfs/install/tex/latex/hyperref/hyperre
f.sty"
Package: hyperref 2018/02/06 v6.86b Hypertext links for LaTeX

("/Library/Application Support/MiKTeX/texmfs/install/tex/generic/oberdiek/hobsu
b-hyperref.sty"
Package: hobsub-hyperref 2016/05/16 v1.14 Bundle oberdiek, subset hyperref (HO)


("/Library/Application Support/MiKTeX/texmfs/install/tex/generic/oberdiek/hobsu
b-generic.sty"
Package: hobsub-generic 2016/05/16 v1.14 Bundle oberdiek, subset generic (HO)
Package: hobsub 2016/05/16 v1.14 Construct package bundles (HO)
Package hobsub Info: Skipping package `infwarerr' (already loaded).
Package hobsub Info: Skipping package `ltxcmds' (already loaded).
Package hobsub Info: Skipping package `ifluatex' (already loaded).
Package hobsub Info: Skipping package `ifvtex' (already loaded).
Package: intcalc 2016/05/16 v1.2 Expandable calculations with integers (HO)
Package hobsub Info: Skipping package `ifpdf' (already loaded).
Package hobsub Info: Skipping package `etexcmds' (already loaded).
Package hobsub Info: Skipping package `kvsetkeys' (already loaded).
Package hobsub Info: Skipping package `kvdefinekeys' (already loaded).
Package hobsub Info: Skipping package `pdftexcmds' (already loaded).
Package: pdfescape 2016/05/16 v1.14 Implements pdfTeX's escape features (HO)
Package hobsub Info: Skipping package `bigintcalc' (already loaded).
Package: bitset 2016/05/16 v1.2 Handle bit-vector datatype (HO)
Package hobsub Info: Skipping package `uniquecounter' (already loaded).
)
Package hobsub Info: Skipping package `hobsub' (already loaded).
Package: letltxmacro 2016/05/16 v1.5 Let assignment for LaTeX macros (HO)
Package: hopatch 2016/05/16 v1.3 Wrapper for package hooks (HO)
Package: xcolor-patch 2016/05/16 xcolor patch
Package hobsub Info: Skipping package `atveryend' (already loaded).
Package: atbegshi 2016/06/09 v1.18 At begin shipout hook (HO)
Package: refcount 2016/05/16 v3.5 Data extraction from label references (HO)
Package: hycolor 2016/05/16 v1.8 Color options for hyperref/bookmark (HO)
)
("/Library/Application Support/MiKTeX/texmfs/install/tex/latex/oberdiek/auxhook
.sty"
Package: auxhook 2016/05/16 v1.4 Hooks for auxiliary files (HO)
)
\@linkdim=\dimen257
\Hy@linkcounter=\count160
\Hy@pagecounter=\count161

("/Library/Application Support/MiKTeX/texmfs/install/tex/latex/hyperref/pd1enc.
def"
File: pd1enc.def 2018/02/06 v6.86b Hyperref: PDFDocEncoding definition (HO)
Now handling font encoding PD1 ...
... no UTF-8 mapping file for font encoding PD1
)
\Hy@SavedSpaceFactor=\count162

("/Users/gimaikteh/Library/Application Support/MiKTeX/texmfs/install/tex/latex/
00miktex/hyperref.cfg"
File: hyperref.cfg 2002/06/06 v1.2 hyperref configuration of TeXLive
)
Package hyperref Info: Option `hypertexnames' set `false' on input line 4383.
Package hyperref Info: Option `colorlinks' set `true' on input line 4383.
Package hyperref Info: Hyper figures OFF on input line 4509.
Package hyperref Info: Link nesting OFF on input line 4514.
Package hyperref Info: Hyper index ON on input line 4517.
Package hyperref Info: Plain pages OFF on input line 4524.
Package hyperref Info: Backreferencing ON on input line 4527.
Package hyperref Info: Implicit mode ON; LaTeX internals redefined.
Package hyperref Info: Bookmarks ON on input line 4762.
\c@Hy@tempcnt=\count163
LaTeX Info: Redefining \url on input line 5115.
\XeTeXLinkMargin=\dimen258
\Fld@menulength=\count164
\Field@Width=\dimen259
\Fld@charsize=\dimen260
Package hyperref Info: Hyper figures OFF on input line 6369.
Package hyperref Info: Link nesting OFF on input line 6374.
Package hyperref Info: Hyper index ON on input line 6377.
Package hyperref Info: backreferencing ON on input line 6382.
Package hyperref Info: Link coloring ON on input line 6387.
Package hyperref Info: Link coloring with OCG OFF on input line 6394.
Package hyperref Info: PDF/A mode OFF on input line 6399.
LaTeX Info: Redefining \ref on input line 6439.
LaTeX Info: Redefining \pageref on input line 6443.
\Hy@abspage=\count165
\c@Item=\count166
\c@Hfootnote=\count167
)
Package hyperref Info: Driver: hpdftex.

("/Library/Application Support/MiKTeX/texmfs/install/tex/latex/hyperref/hpdftex
.def"
File: hpdftex.def 2018/02/06 v6.86b Hyperref driver for pdfTeX
\Fld@listcount=\count168
\c@bookmark@seq@number=\count169
\Hy@SectionHShift=\skip102
)
Package hyperref Info: Option `bookmarksnumbered' set `true' on input line 79.
Package hyperref Info: Option `bookmarksopen' set `true' on input line 79.
Package hyperref Info: Option `colorlinks' set `true' on input line 79.

("/Library/Application Support/MiKTeX/texmfs/install/tex/latex/oberdiek/hypcap.
sty"
Package: hypcap 2016/05/16 v1.12 Adjusting the anchors of captions (HO)
)
("/Users/gimaikteh/Library/Application Support/MiKTeX/texmfs/install/tex/latex/
tcolorbox/tcolorbox.sty"
Package: tcolorbox 2018/07/26 version 4.14 text color boxes

("/Library/Application Support/MiKTeX/texmfs/install/tex/latex/tools/verbatim.s
ty"
Package: verbatim 2014/10/28 v1.5q LaTeX2e package for verbatim enhancements
\every@verbatim=\toks42
\verbatim@line=\toks43
\verbatim@in@stream=\read2
)
("/Users/gimaikteh/Library/Application Support/MiKTeX/texmfs/install/tex/latex/
environ/environ.sty"
Package: environ 2014/05/04 v0.3 A new way to define environments

("/Users/gimaikteh/Library/Application Support/MiKTeX/texmfs/install/tex/latex/
trimspaces/trimspaces.sty"
Package: trimspaces 2009/09/17 v1.1 Trim spaces around a token list
))
\tcb@titlebox=\box60
\tcb@upperbox=\box61
\tcb@lowerbox=\box62
\tcb@phantombox=\box63
\c@tcbbreakpart=\count170
\c@tcblayer=\count171
\tcolorbox@number=\count172
\tcb@temp=\box64
\tcb@temp=\box65
\tcb@temp=\box66
\tcb@temp=\box67
\tcb@out=\write4
\tcb@record@out=\write5
)
("/Users/gimaikteh/Library/Application Support/MiKTeX/texmfs/install/tex/latex/
ntheorem/ntheorem.sty"
Style `ntheorem', Version 1.33 <2011/08/15>
Package: ntheorem 2011/08/15 1.33
\theorem@style=\toks44
\theorem@@style=\toks45
\theorembodyfont=\toks46
\theoremnumbering=\toks47
\theorempreskipamount=\skip103
\theorempostskipamount=\skip104
\theoremframepreskipamount=\skip105
\theoremframepostskipamount=\skip106
\theoreminframepreskipamount=\skip107
\theoreminframepostskipamount=\skip108
\theorem@preskip=\toks48
\theorem@postskip=\toks49
\theorem@framepreskip=\toks50
\theorem@framepostskip=\toks51
\theorem@inframepreskip=\toks52
\theorem@inframepostskip=\toks53
\theoremindent=\dimen261
\theorem@indent=\dimen262
\theoremrightindent=\dimen263
\theorem@rightindent=\dimen264
\theoremheaderfont=\toks54
\theoremseparator=\toks55
\theoremprework=\toks56
\theorempostwork=\toks57
\theoremsymbol=\toks58
\qedsymbol=\toks59
\theoremkeyword=\toks60
\qedsymbol=\toks61
\thm@topsep=\skip109
\thm@topsepadd=\skip110
)
\c@lemma=\count173
\c@theorem=\count174
\c@remark=\count175
\c@definition=\count176
\c@proof=\count177
\c@elimination@steps=\count178
) (notation.tex) (report.aux)
\openout1 = `report.aux'.

LaTeX Font Info:    Checking defaults for OML/jkp/m/it on input line 15.
LaTeX Font Info:    Try loading font information for OML+jkp on input line 15.

("/Users/gimaikteh/Library/Application Support/MiKTeX/texmfs/install/tex/latex/
kpfonts/omljkp.fd"
File: omljkp.fd 2006/08/15 v1.0
)
LaTeX Font Info:    ... okay on input line 15.
LaTeX Font Info:    Checking defaults for T1/cmr/m/n on input line 15.
LaTeX Font Info:    ... okay on input line 15.
LaTeX Font Info:    Checking defaults for OT1/cmr/m/n on input line 15.
LaTeX Font Info:    ... okay on input line 15.
LaTeX Font Info:    Checking defaults for OMS/jkp/m/n on input line 15.
LaTeX Font Info:    Try loading font information for OMS+jkp on input line 15.

("/Users/gimaikteh/Library/Application Support/MiKTeX/texmfs/install/tex/latex/
kpfonts/omsjkp.fd"
File: omsjkp.fd 2006/08/15 v1.0
)
LaTeX Font Info:    ... okay on input line 15.
LaTeX Font Info:    Checking defaults for OMX/jkp/m/n on input line 15.
LaTeX Font Info:    Try loading font information for OMX+jkp on input line 15.

("/Users/gimaikteh/Library/Application Support/MiKTeX/texmfs/install/tex/latex/
kpfonts/omxjkp.fd"
File: omxjkp.fd 2006/08/15 v1.0
)
LaTeX Font Info:    ... okay on input line 15.
LaTeX Font Info:    Checking defaults for U/jkpexa/m/n on input line 15.
LaTeX Font Info:    Try loading font information for U+jkpexa on input line 15.


("/Users/gimaikteh/Library/Application Support/MiKTeX/texmfs/install/tex/latex/
kpfonts/ujkpexa.fd"
File: ujkpexa.fd 2006/08/15 v1.0
)
LaTeX Font Info:    ... okay on input line 15.
LaTeX Font Info:    Checking defaults for TS1/cmr/m/n on input line 15.
LaTeX Font Info:    Try loading font information for TS1+cmr on input line 15.

("/Library/Application Support/MiKTeX/texmfs/install/tex/latex/base/ts1cmr.fd"
File: ts1cmr.fd 2014/09/29 v2.5h Standard LaTeX font definitions
)
LaTeX Font Info:    ... okay on input line 15.
LaTeX Font Info:    Checking defaults for PD1/pdf/m/n on input line 15.
LaTeX Font Info:    ... okay on input line 15.
LaTeX Font Info:    Try loading font information for OT1+bch on input line 15.
("/Library/Application Support/MiKTeX/texmfs/install/tex/latex/psnfss/ot1bch.fd
"
File: ot1bch.fd 2004/10/18 font definitions for OT1/bch.
)
*geometry* driver: auto-detecting
*geometry* detected driver: pdftex
*geometry* verbose mode - [ preamble ] result:
* driver: pdftex
* paper: a4paper
* layout: <same size as paper>
* layoutoffset:(h,v)=(0.0pt,0.0pt)
* modes: includehead includefoot twoside 
* h-part:(L,W,R)=(79.6678pt, 438.17227pt, 79.6678pt)
* v-part:(T,H,B)=(56.9055pt, 731.23584pt, 56.9055pt)
* \paperwidth=597.50787pt
* \paperheight=845.04684pt
* \textwidth=438.17227pt
* \textheight=664.23584pt
* \oddsidemargin=7.39781pt
* \evensidemargin=7.39781pt
* \topmargin=-15.36449pt
* \headheight=14.5pt
* \headsep=25.0pt
* \topskip=12.0pt
* \footskip=30.0pt
* \marginparwidth=95.0pt
* \marginparsep=10.0pt
* \columnsep=10.0pt
* \skip\footins=10.8pt plus 4.0pt minus 2.0pt
* \hoffset=0.0pt
* \voffset=0.0pt
* \mag=1000
* \@twocolumnfalse
* \@twosidetrue
* \@mparswitchtrue
* \@reversemarginfalse
* (1in=72.27pt=25.4mm, 1cm=28.453pt)

Package caption Info: Begin \AtBeginDocument code.
Package caption Info: float package is loaded.
Package caption Info: hyperref package is loaded.
Package caption Info: hypcap package is loaded.
Package caption Info: End \AtBeginDocument code.

("/Users/gimaikteh/Library/Application Support/MiKTeX/texmfs/install/tex/contex
t/base/supp-pdf.mkii"
[Loading MPS to PDF converter (version 2006.09.02).]
\scratchcounter=\count179
\scratchdimen=\dimen265
\scratchbox=\box68
\nofMPsegments=\count180
\nofMParguments=\count181
\everyMPshowfont=\toks62
\MPscratchCnt=\count182
\MPscratchDim=\dimen266
\MPnumerator=\count183
\makeMPintoPDFobject=\count184
\everyMPtoPDFconversion=\toks63
) ABD: EveryShipout initializing macros
Package backref Info: ** backref set up for natbib ** on input line 15.
\AtBeginShipoutBox=\box69
Package hyperref Info: Link coloring ON on input line 15.

("/Library/Application Support/MiKTeX/texmfs/install/tex/latex/hyperref/nameref
.sty"
Package: nameref 2016/05/21 v2.44 Cross-referencing by name of section

("/Library/Application Support/MiKTeX/texmfs/install/tex/generic/oberdiek/getti
tlestring.sty"
Package: gettitlestring 2016/05/16 v1.5 Cleanup title references (HO)
)
\c@section@level=\count185
)
LaTeX Info: Redefining \ref on input line 15.
LaTeX Info: Redefining \pageref on input line 15.
LaTeX Info: Redefining \nameref on input line 15.
 (report.out) (report.out)
\@outlinefile=\write6
\openout6 = `report.out'.

 (titlepage.tex [1

{/Users/gimaikteh/Library/Application Support/MiKTeX/texmfs/data/pdftex/config/
pdftex.map}])
Overfull \hbox (7.03918pt too wide) in paragraph at lines 25--26
\OT1/bch/m/n/12 The original Jupyter Notebook included some helper functions wh
ich uses the OpenCV
 []


Underfull \hbox (badness 10000) in paragraph at lines 25--26

 []


Overfull \hbox (8.13794pt too wide) in paragraph at lines 33--34
\OT1/bch/m/n/12 gradient of the pixel values. Pixels who have gradient values b
elow the minimum
 []

LaTeX Font Info:    Try loading font information for OT1+jkp on input line 39.

("/Users/gimaikteh/Library/Application Support/MiKTeX/texmfs/install/tex/latex/
kpfonts/ot1jkp.fd"
File: ot1jkp.fd 2007/08/30 Fontinst v1.928 font definitions for OT1/jkp.
)
LaTeX Font Info:    Try loading font information for U+jkpmia on input line 39.


("/Users/gimaikteh/Library/Application Support/MiKTeX/texmfs/install/tex/latex/
kpfonts/ujkpmia.fd"
File: ujkpmia.fd 2006/08/15 v1.0
)
LaTeX Font Info:    Try loading font information for U+jkpsya on input line 39.


("/Users/gimaikteh/Library/Application Support/MiKTeX/texmfs/install/tex/latex/
kpfonts/ujkpsya.fd"
File: ujkpsya.fd 2006/08/15 v1.0
)
LaTeX Font Info:    Try loading font information for U+jkpsyb on input line 39.


("/Users/gimaikteh/Library/Application Support/MiKTeX/texmfs/install/tex/latex/
kpfonts/ujkpsyb.fd"
File: ujkpsyb.fd 2006/08/15 v1.0
)
LaTeX Font Info:    Try loading font information for U+jkpsyc on input line 39.


("/Users/gimaikteh/Library/Application Support/MiKTeX/texmfs/install/tex/latex/
kpfonts/ujkpsyc.fd"
File: ujkpsyc.fd 2006/08/15 v1.0
)
LaTeX Font Info:    Try loading font information for U+lasy on input line 39.

("/Library/Application Support/MiKTeX/texmfs/install/tex/latex/base/ulasy.fd"
File: ulasy.fd 1998/08/17 v2.2e LaTeX symbol font definitions
)
LaTeX Font Info:    Try loading font information for OT1+jkpss on input line 44
.

("/Users/gimaikteh/Library/Application Support/MiKTeX/texmfs/install/tex/latex/
kpfonts/ot1jkpss.fd"
File: ot1jkpss.fd 2007/07/16 Fontinst v1.928 font definitions for OT1/jkpss.
) [2]
Overfull \hbox (61.21182pt too wide) in paragraph at lines 47--48
[]\OT1/bch/b/n/12 Hough lines detection\OT1/bch/m/n/12 : probabilistic Hough li
ne detection is being used (cv2.HoughLineP)
 []


Overfull \hbox (18.45789pt too wide) in paragraph at lines 58--59
\OT1/bch/m/n/12 segments that will be allowed to connect into a single line. De
creasing min[]line[]len
 []

LaTeX Font Info:    Try loading font information for TS1+bch on input line 64.
("/Library/Application Support/MiKTeX/texmfs/install/tex/latex/psnfss/ts1bch.fd
"
File: ts1bch.fd 2004/10/18 font definitions for TS1/bch.
)
Overfull \hbox (2.59251pt too wide) in paragraph at lines 65--66
[]\OT1/bch/m/n/12 For each lane, we only retain lines that are greater than a c
ertain threshold.
 []

[3]
<./figures/pipeline.png, id=49, 883.3pt x 827.09pt>
File: ./figures/pipeline.png Graphic file (type png)
<use ./figures/pipeline.png>
Package pdftex.def Info: ./figures/pipeline.png  used on input line 80.
(pdftex.def)             Requested size: 438.17227pt x 410.28792pt.
 [4 <./figures/pipeline.png>]
\tf@thm=\write7
\openout7 = `report.thm'.

 [5]
Package atveryend Info: Empty hook `BeforeClearDocument' on input line 113.
Package atveryend Info: Empty hook `AfterLastShipout' on input line 113.
 (report.aux)
Package atveryend Info: Executing hook `AtVeryEndDocument' on input line 113.
Package atveryend Info: Executing hook `AtEndAfterFileList' on input line 113.
Package rerunfilecheck Info: File `report.out' has not changed.
(rerunfilecheck)             Checksum: 01ECEC5BADB86AEAA68B57E2A5E628B8;222.
 ) 
Here is how much of TeX's memory you used:
 24512 strings out of 494891
 458433 string characters out of 3177609
 528401 words of memory out of 3000000
 27581 multiletter control sequences out of 15000+200000
 43940 words of font info for 80 fonts, out of 3000000 for 9000
 0 hyphenation exceptions out of 8191
 64i,12n,77p,976b,491s stack positions out of 5000i,500n,10000p,200000b,50000s
{/Library/Application Support/MiKTeX/texmfs/install/fonts/enc/dvips/base/8r.e
nc}</Users/gimaikteh/Library/Application Support/MiKTeX/texmfs/install/fonts/ty
pe1/bitstrea/charter/bchb8a.pfb></Users/gimaikteh/Library/Application Support/M
iKTeX/texmfs/install/fonts/type1/bitstrea/charter/bchr8a.pfb></Users/gimaikteh/
Library/Application Support/MiKTeX/texmfs/install/fonts/type1/bitstrea/charter/
bchr8a.pfb></Users/gimaikteh/Library/Application Support/MiKTeX/texmfs/install/
fonts/type1/public/kpfonts/jkpex.pfb></Users/gimaikteh/Library/Application Supp
ort/MiKTeX/texmfs/install/fonts/type1/public/kpfonts/jkpmi.pfb></Users/gimaikte
h/Library/Application Support/MiKTeX/texmfs/install/fonts/type1/public/kpfonts/
jkpmn8a.pfb></Users/gimaikteh/Library/Application Support/MiKTeX/texmfs/install
/fonts/type1/public/kpfonts/jkpsy.pfb>
Output written on report.pdf (5 pages, 352099 bytes).
PDF statistics:
 96 PDF objects out of 1000 (max. 8388607)
 22 named destinations out of 1000 (max. 500000)
 50 words of extra memory for PDF output out of 10000 (max. 10000000)

